<?xml version="1.0" encoding="UTF-8"?>
<testsuite xmlns:xsi="http://www.w3.org/2001/XMLSchema-instance" xsi:noNamespaceSchemaLocation="https://maven.apache.org/surefire/maven-surefire-plugin/xsd/surefire-test-report-3.0.xsd" version="3.0" name="com.desicabana.stalls.StallsApplicationTests" time="2.064" tests="1" errors="0" skipped="0" failures="0">
  <properties>
[...]
</properties>
  <testcase name="contextLoads" classname="com.desicabana.stalls.StallsApplicationTests" time="0.319">
    <system-out><![CDATA[16:50:32.897 [main] INFO org.springframework.test.context.support.AnnotationConfigContextLoaderUtils -- Could not detect default configuration classes for test class [com.desicabana.stalls.StallsApplicationTests]: StallsApplicationTests does not declare any static, non-private, non-final, nested classes annotated with @Configuration.
16:50:32.933 [main] INFO org.springframework.boot.test.context.SpringBootTestContextBootstrapper -- Found @SpringBootConfiguration com.desicabana.stalls.StallsApplication for test class com.desicabana.stalls.StallsApplicationTests
16:50:32.986 [main] INFO org.springframework.boot.devtools.restart.RestartApplicationListener -- Restart disabled due to context in which it is running

  .   ____          _            __ _ _
 /\\ / ___'_ __ _ _(_)_ __  __ _ \ \ \ \
( ( )\___ | '_ | '_| | '_ \/ _` | \ \ \ \
 \\/  ___)| |_)| | | | | || (_| |  ) ) ) )
  '  |____| .__|_| |_|_| |_\__, | / / / /
 =========|_|==============|___/=/_/_/_/
 :: Spring Boot ::                (v3.1.5)

2023-11-26T16:50:33.071-06:00  INFO 53937 --- [           main] c.d.stalls.StallsApplicationTests        : Starting StallsApplicationTests using Java 21.0.1 with PID 53937 (started by abhineetswain in /Users/abhineetswain/Documents/GitHub/stalls)
2023-11-26T16:50:33.072-06:00  INFO 53937 --- [           main] c.d.stalls.StallsApplicationTests        : No active profile set, falling back to 1 default profile: "default"
2023-11-26T16:50:33.361-06:00  INFO 53937 --- [           main] .s.d.r.c.RepositoryConfigurationDelegate : Bootstrapping Spring Data JPA repositories in DEFAULT mode.
2023-11-26T16:50:33.377-06:00  INFO 53937 --- [           main] .s.d.r.c.RepositoryConfigurationDelegate : Finished Spring Data repository scanning in 14 ms. Found 1 JPA repository interfaces.
2023-11-26T16:50:33.556-06:00  INFO 53937 --- [           main] com.zaxxer.hikari.HikariDataSource       : HikariPool-1 - Starting...
2023-11-26T16:50:33.656-06:00  INFO 53937 --- [           main] com.zaxxer.hikari.pool.HikariPool        : HikariPool-1 - Added connection org.postgresql.jdbc.PgConnection@289f15e9
2023-11-26T16:50:33.657-06:00  INFO 53937 --- [           main] com.zaxxer.hikari.HikariDataSource       : HikariPool-1 - Start completed.
2023-11-26T16:50:33.674-06:00  INFO 53937 --- [           main] o.hibernate.jpa.internal.util.LogHelper  : HHH000204: Processing PersistenceUnitInfo [name: default]
2023-11-26T16:50:33.692-06:00  INFO 53937 --- [           main] org.hibernate.Version                    : HHH000412: Hibernate ORM core version 6.2.13.Final
2023-11-26T16:50:33.692-06:00  INFO 53937 --- [           main] org.hibernate.cfg.Environment            : HHH000406: Using bytecode reflection optimizer
2023-11-26T16:50:33.782-06:00  INFO 53937 --- [           main] o.s.o.j.p.SpringPersistenceUnitInfo      : No LoadTimeWeaver setup: ignoring JPA class transformer
2023-11-26T16:50:34.100-06:00  INFO 53937 --- [           main] o.h.e.t.j.p.i.JtaPlatformInitiator       : HHH000489: No JTA platform available (set 'hibernate.transaction.jta.platform' to enable JTA platform integration)
2023-11-26T16:50:34.101-06:00  INFO 53937 --- [           main] j.LocalContainerEntityManagerFactoryBean : Initialized JPA EntityManagerFactory for persistence unit 'default'
2023-11-26T16:50:34.207-06:00  WARN 53937 --- [           main] JpaBaseConfiguration$JpaWebConfiguration : spring.jpa.open-in-view is enabled by default. Therefore, database queries may be performed during view rendering. Explicitly configure spring.jpa.open-in-view to disable this warning
2023-11-26T16:50:34.215-06:00  WARN 53937 --- [           main] .s.s.UserDetailsServiceAutoConfiguration : 

Using generated security password: 687f17f4-96bf-476f-ab2c-50658a4acd97

This generated password is for development use only. Your security configuration must be updated before running your application in production.

2023-11-26T16:50:34.273-06:00  INFO 53937 --- [           main] o.s.s.web.DefaultSecurityFilterChain     : Will secure any request with [org.springframework.security.web.session.DisableEncodeUrlFilter@256d8f17, org.springframework.security.web.context.request.async.WebAsyncManagerIntegrationFilter@2319c1e0, org.springframework.security.web.context.SecurityContextHolderFilter@3ad9fea, org.springframework.security.web.header.HeaderWriterFilter@2e6f1f48, org.springframework.security.web.authentication.logout.LogoutFilter@a70daf4, org.springframework.security.web.savedrequest.RequestCacheAwareFilter@4f5df012, org.springframework.security.web.servletapi.SecurityContextHolderAwareRequestFilter@38f3dbbf, org.springframework.security.web.authentication.AnonymousAuthenticationFilter@659e003e, org.springframework.security.web.access.ExceptionTranslationFilter@5cb32140, org.springframework.security.web.access.intercept.FilterSecurityInterceptor@67521a79]
2023-11-26T16:50:34.380-06:00  INFO 53937 --- [           main] o.s.b.a.w.s.WelcomePageHandlerMapping    : Adding welcome page template: index
2023-11-26T16:50:34.417-06:00  WARN 53937 --- [           main] o.thymeleaf.templatemode.TemplateMode    : [THYMELEAF][main] Unknown Template Mode 'DEBUG'. Must be one of: 'HTML', 'XML', 'TEXT', 'JAVASCRIPT', 'CSS', 'RAW'. Using default Template Mode 'HTML'.
2023-11-26T16:50:34.487-06:00  INFO 53937 --- [           main] o.s.b.a.e.web.EndpointLinksResolver      : Exposing 1 endpoint(s) beneath base path '/actuator'
2023-11-26T16:50:34.522-06:00  INFO 53937 --- [           main] c.d.stalls.StallsApplicationTests        : Started StallsApplicationTests in 1.54 seconds (process running for 1.96)
]]></system-out>
    <system-err><![CDATA[WARNING: A Java agent has been loaded dynamically (/Users/abhineetswain/.m2/repository/net/bytebuddy/byte-buddy-agent/1.14.9/byte-buddy-agent-1.14.9.jar)
WARNING: If a serviceability tool is in use, please run with -XX:+EnableDynamicAgentLoading to hide this warning
WARNING: If a serviceability tool is not in use, please run with -Djdk.instrument.traceUsage for more information
WARNING: Dynamic loading of agents will be disallowed by default in a future release
]]></system-err>
  </testcase>
</testsuite>